<?xml version="1.0" encoding="UTF-8"?>
<testng-results ignored="0" total="5" passed="5" failed="0" skipped="0">
  <reporter-output>
    <line>
      <![CDATA[The result of addition is :  11 ]]>
    </line>
    <line>
      <![CDATA[The result of subtraction is :  -1 ]]>
    </line>
    <line>
      <![CDATA[The result of multiplication is :  30 ]]>
    </line>
    <line>
      <![CDATA[The result of division is :  0.8333333333 ]]>
    </line>
  </reporter-output>
  <suite started-at="2021-11-24T06:43:50 PST" name="Suite" finished-at="2021-11-24T06:44:28 PST" duration-ms="37727">
    <groups>
    </groups>
    <test started-at="2021-11-24T06:43:50 PST" name="Test" finished-at="2021-11-24T06:44:28 PST" duration-ms="37727">
      <class name="calculator.TestCalculator">
        <test-method signature="launchApp()[pri:-1, instance:calculator.TestCalculator@346d61be]" started-at="2021-11-24T06:43:50 PST" name="launchApp" finished-at="2021-11-24T06:44:10 PST" duration-ms="19664" status="PASS">
          <reporter-output>
          </reporter-output>
        </test-method> <!-- launchApp -->
        <test-method signature="add(java.lang.String,int,int)[pri:0, instance:calculator.TestCalculator@346d61be]" started-at="2021-11-24T06:44:10 PST" name="add" finished-at="2021-11-24T06:44:15 PST" duration-ms="5369" status="PASS">
          <params>
            <param index="0">
              <value>
                <![CDATA[+]]>
              </value>
            </param>
            <param index="1">
              <value>
                <![CDATA[5]]>
              </value>
            </param>
            <param index="2">
              <value>
                <![CDATA[6]]>
              </value>
            </param>
          </params>
          <reporter-output>
            <line>
              <![CDATA[The result of addition is :  11 ]]>
            </line>
          </reporter-output>
        </test-method> <!-- add -->
        <test-method signature="sub(java.lang.String,int,int)[pri:1, instance:calculator.TestCalculator@346d61be]" started-at="2021-11-24T06:44:15 PST" name="sub" finished-at="2021-11-24T06:44:19 PST" duration-ms="4106" status="PASS">
          <params>
            <param index="0">
              <value>
                <![CDATA[–]]>
              </value>
            </param>
            <param index="1">
              <value>
                <![CDATA[5]]>
              </value>
            </param>
            <param index="2">
              <value>
                <![CDATA[6]]>
              </value>
            </param>
          </params>
          <reporter-output>
            <line>
              <![CDATA[The result of subtraction is :  -1 ]]>
            </line>
          </reporter-output>
        </test-method> <!-- sub -->
        <test-method signature="multiplication(java.lang.String,int,int)[pri:2, instance:calculator.TestCalculator@346d61be]" started-at="2021-11-24T06:44:19 PST" name="multiplication" finished-at="2021-11-24T06:44:24 PST" duration-ms="4142" status="PASS">
          <params>
            <param index="0">
              <value>
                <![CDATA[×]]>
              </value>
            </param>
            <param index="1">
              <value>
                <![CDATA[5]]>
              </value>
            </param>
            <param index="2">
              <value>
                <![CDATA[6]]>
              </value>
            </param>
          </params>
          <reporter-output>
            <line>
              <![CDATA[The result of multiplication is :  30 ]]>
            </line>
          </reporter-output>
        </test-method> <!-- multiplication -->
        <test-method signature="division(java.lang.String,int,int)[pri:3, instance:calculator.TestCalculator@346d61be]" started-at="2021-11-24T06:44:24 PST" name="division" finished-at="2021-11-24T06:44:28 PST" duration-ms="4309" status="PASS">
          <params>
            <param index="0">
              <value>
                <![CDATA[/]]>
              </value>
            </param>
            <param index="1">
              <value>
                <![CDATA[5]]>
              </value>
            </param>
            <param index="2">
              <value>
                <![CDATA[6]]>
              </value>
            </param>
          </params>
          <reporter-output>
            <line>
              <![CDATA[The result of division is :  0.8333333333 ]]>
            </line>
          </reporter-output>
        </test-method> <!-- division -->
      </class> <!-- calculator.TestCalculator -->
    </test> <!-- Test -->
  </suite> <!-- Suite -->
</testng-results>
