<?xml version="1.0" encoding="UTF-8"?>
<!-- Generated by org.testng.reporters.JUnitXMLReporter -->
<testsuite ignored="0" hostname="DESKTOP-1RFJUAV" failures="0" tests="5" name="Test" time="37.727" errors="0" timestamp="2021-11-24T06:44:28 PST">
  <testcase classname="calculator.TestCalculator" name="launchApp" time="19.664"/>
  <testcase classname="calculator.TestCalculator" name="add" time="5.369"/>
  <testcase classname="calculator.TestCalculator" name="sub" time="4.106"/>
  <testcase classname="calculator.TestCalculator" name="multiplication" time="4.142"/>
  <testcase classname="calculator.TestCalculator" name="division" time="4.309"/>
</testsuite> <!-- Test -->
