<?xml version="1.0" encoding="UTF-8"?>
<!-- Generated by org.testng.reporters.JUnitXMLReporter -->
<testsuite ignored="0" hostname="DESKTOP-1RFJUAV" failures="0" tests="5" name="Test1" time="33.161" errors="0" timestamp="2021-11-23T01:12:21 PST">
  <testcase classname="Calculator.TestCalculator" name="launchApp" time="17.312"/>
  <testcase classname="Calculator.TestCalculator" name="multiplication" time="4.579"/>
  <testcase classname="Calculator.TestCalculator" name="division" time="3.563"/>
  <testcase classname="Calculator.TestCalculator" name="add" time="4.049"/>
  <testcase classname="Calculator.TestCalculator" name="sub" time="3.558"/>
</testsuite> <!-- Test1 -->
